0 info it worked if it ends with ok
1 verbose cli [ '/usr/bin/nodejs', '/usr/bin/npm', 'run', 'build' ]
2 info using npm@3.5.2
3 info using node@v4.7.2
4 verbose run-script [ 'prebuild', 'build', 'postbuild' ]
5 info lifecycle react_project@1.0.0~prebuild: react_project@1.0.0
6 silly lifecycle react_project@1.0.0~prebuild: no script for prebuild, continuing
7 info lifecycle react_project@1.0.0~build: react_project@1.0.0
8 verbose lifecycle react_project@1.0.0~build: unsafe-perm in lifecycle true
9 verbose lifecycle react_project@1.0.0~build: PATH: /usr/share/npm/bin/node-gyp-bin:/home/swapnil/react_project/node_modules/.bin:/usr/local/sbin:/usr/local/bin:/usr/sbin:/usr/bin:/sbin:/bin:/usr/games:/usr/local/games:/snap/bin
10 verbose lifecycle react_project@1.0.0~build: CWD: /home/swapnil/react_project
11 silly lifecycle react_project@1.0.0~build: Args: [ '-c',
11 silly lifecycle   'webpack -d && cp src/app/index.html dist/index.html && webpack-dev-server --hot --inline --host 0.0.0.0 --port 8080 --colors --progress --content-base src/' ]
12 silly lifecycle react_project@1.0.0~build: Returned: code: 1  signal: null
13 info lifecycle react_project@1.0.0~build: Failed to exec build script
14 verbose stack Error: react_project@1.0.0 build: `webpack -d && cp src/app/index.html dist/index.html && webpack-dev-server --hot --inline --host 0.0.0.0 --port 8080 --colors --progress --content-base src/`
14 verbose stack Exit status 1
14 verbose stack     at EventEmitter.<anonymous> (/usr/share/npm/lib/utils/lifecycle.js:232:16)
14 verbose stack     at emitTwo (events.js:87:13)
14 verbose stack     at EventEmitter.emit (events.js:172:7)
14 verbose stack     at ChildProcess.<anonymous> (/usr/share/npm/lib/utils/spawn.js:24:14)
14 verbose stack     at emitTwo (events.js:87:13)
14 verbose stack     at ChildProcess.emit (events.js:172:7)
14 verbose stack     at maybeClose (internal/child_process.js:854:16)
14 verbose stack     at Process.ChildProcess._handle.onexit (internal/child_process.js:222:5)
15 verbose pkgid react_project@1.0.0
16 verbose cwd /home/swapnil/react_project
17 error Linux 4.10.0-19-generic
18 error argv "/usr/bin/nodejs" "/usr/bin/npm" "run" "build"
19 error node v4.7.2
20 error npm  v3.5.2
21 error code ELIFECYCLE
22 error react_project@1.0.0 build: `webpack -d && cp src/app/index.html dist/index.html && webpack-dev-server --hot --inline --host 0.0.0.0 --port 8080 --colors --progress --content-base src/`
22 error Exit status 1
23 error Failed at the react_project@1.0.0 build script 'webpack -d && cp src/app/index.html dist/index.html && webpack-dev-server --hot --inline --host 0.0.0.0 --port 8080 --colors --progress --content-base src/'.
23 error Make sure you have the latest version of node.js and npm installed.
23 error If you do, this is most likely a problem with the react_project package,
23 error not with npm itself.
23 error Tell the author that this fails on your system:
23 error     webpack -d && cp src/app/index.html dist/index.html && webpack-dev-server --hot --inline --host 0.0.0.0 --port 8080 --colors --progress --content-base src/
23 error You can get information on how to open an issue for this project with:
23 error     npm bugs react_project
23 error Or if that isn't available, you can get their info via:
23 error     npm owner ls react_project
23 error There is likely additional logging output above.
24 verbose exit [ 1, true ]
